<?xml version="1.0" encoding="UTF-8"?>
<testsuite xmlns:xsi="http://www.w3.org/2001/XMLSchema-instance" xsi:noNamespaceSchemaLocation="https://maven.apache.org/surefire/maven-surefire-plugin/xsd/surefire-test-report.xsd" name="cn.qiandao.shengqianyoudao.ShengqianyoudaoApplicationTests" time="61.804" tests="4" errors="1" skipped="0" failures="0">
  <properties>
    <property name="sun.desktop" value="windows"/>
    <property name="awt.toolkit" value="sun.awt.windows.WToolkit"/>
    <property name="file.encoding.pkg" value="sun.io"/>
    <property name="java.specification.version" value="1.8"/>
    <property name="sun.cpu.isalist" value="amd64"/>
    <property name="sun.jnu.encoding" value="GBK"/>
    <property name="java.class.path" value="E:\idea-code\shengqian\shengqianyoudao-1.git\target\test-classes;E:\idea-code\shengqian\shengqianyoudao-1.git\target\classes;D:\apache-maven-3.5.4-home\joda-time\joda-time\2.3\joda-time-2.3.jar;D:\apache-maven-3.5.4-home\org\csource\fastdfs\fastdfs\1.2\fastdfs-1.2.jar;D:\apache-maven-3.5.4-home\commons-fileupload\commons-fileupload\1.3.1\commons-fileupload-1.3.1.jar;D:\apache-maven-3.5.4-home\org\springframework\boot\spring-boot-starter-web\2.2.2.RELEASE\spring-boot-starter-web-2.2.2.RELEASE.jar;D:\apache-maven-3.5.4-home\org\springframework\boot\spring-boot-starter\2.2.2.RELEASE\spring-boot-starter-2.2.2.RELEASE.jar;D:\apache-maven-3.5.4-home\org\springframework\boot\spring-boot-starter-logging\2.2.2.RELEASE\spring-boot-starter-logging-2.2.2.RELEASE.jar;D:\apache-maven-3.5.4-home\ch\qos\logback\logback-classic\1.2.3\logback-classic-1.2.3.jar;D:\apache-maven-3.5.4-home\ch\qos\logback\logback-core\1.2.3\logback-core-1.2.3.jar;D:\apache-maven-3.5.4-home\org\apache\logging\log4j\log4j-to-slf4j\2.12.1\log4j-to-slf4j-2.12.1.jar;D:\apache-maven-3.5.4-home\org\apache\logging\log4j\log4j-api\2.12.1\log4j-api-2.12.1.jar;D:\apache-maven-3.5.4-home\org\slf4j\jul-to-slf4j\1.7.29\jul-to-slf4j-1.7.29.jar;D:\apache-maven-3.5.4-home\jakarta\annotation\jakarta.annotation-api\1.3.5\jakarta.annotation-api-1.3.5.jar;D:\apache-maven-3.5.4-home\org\yaml\snakeyaml\1.25\snakeyaml-1.25.jar;D:\apache-maven-3.5.4-home\org\springframework\boot\spring-boot-starter-json\2.2.2.RELEASE\spring-boot-starter-json-2.2.2.RELEASE.jar;D:\apache-maven-3.5.4-home\com\fasterxml\jackson\datatype\jackson-datatype-jdk8\2.10.1\jackson-datatype-jdk8-2.10.1.jar;D:\apache-maven-3.5.4-home\com\fasterxml\jackson\datatype\jackson-datatype-jsr310\2.10.1\jackson-datatype-jsr310-2.10.1.jar;D:\apache-maven-3.5.4-home\com\fasterxml\jackson\module\jackson-module-parameter-names\2.10.1\jackson-module-parameter-names-2.10.1.jar;D:\apache-maven-3.5.4-home\org\springframework\boot\spring-boot-starter-tomcat\2.2.2.RELEASE\spring-boot-starter-tomcat-2.2.2.RELEASE.jar;D:\apache-maven-3.5.4-home\org\apache\tomcat\embed\tomcat-embed-core\9.0.29\tomcat-embed-core-9.0.29.jar;D:\apache-maven-3.5.4-home\org\apache\tomcat\embed\tomcat-embed-el\9.0.29\tomcat-embed-el-9.0.29.jar;D:\apache-maven-3.5.4-home\org\apache\tomcat\embed\tomcat-embed-websocket\9.0.29\tomcat-embed-websocket-9.0.29.jar;D:\apache-maven-3.5.4-home\org\springframework\boot\spring-boot-starter-validation\2.2.2.RELEASE\spring-boot-starter-validation-2.2.2.RELEASE.jar;D:\apache-maven-3.5.4-home\jakarta\validation\jakarta.validation-api\2.0.1\jakarta.validation-api-2.0.1.jar;D:\apache-maven-3.5.4-home\org\hibernate\validator\hibernate-validator\6.0.18.Final\hibernate-validator-6.0.18.Final.jar;D:\apache-maven-3.5.4-home\org\jboss\logging\jboss-logging\3.4.1.Final\jboss-logging-3.4.1.Final.jar;D:\apache-maven-3.5.4-home\org\springframework\spring-web\5.2.2.RELEASE\spring-web-5.2.2.RELEASE.jar;D:\apache-maven-3.5.4-home\org\springframework\spring-beans\5.2.2.RELEASE\spring-beans-5.2.2.RELEASE.jar;D:\apache-maven-3.5.4-home\org\springframework\spring-webmvc\5.2.2.RELEASE\spring-webmvc-5.2.2.RELEASE.jar;D:\apache-maven-3.5.4-home\org\springframework\spring-aop\5.2.2.RELEASE\spring-aop-5.2.2.RELEASE.jar;D:\apache-maven-3.5.4-home\org\springframework\spring-context\5.2.2.RELEASE\spring-context-5.2.2.RELEASE.jar;D:\apache-maven-3.5.4-home\org\springframework\spring-expression\5.2.2.RELEASE\spring-expression-5.2.2.RELEASE.jar;D:\apache-maven-3.5.4-home\org\springframework\boot\spring-boot-devtools\2.2.2.RELEASE\spring-boot-devtools-2.2.2.RELEASE.jar;D:\apache-maven-3.5.4-home\org\springframework\boot\spring-boot\2.2.2.RELEASE\spring-boot-2.2.2.RELEASE.jar;D:\apache-maven-3.5.4-home\org\springframework\boot\spring-boot-autoconfigure\2.2.2.RELEASE\spring-boot-autoconfigure-2.2.2.RELEASE.jar;D:\apache-maven-3.5.4-home\io\springfox\springfox-swagger2\2.6.1\springfox-swagger2-2.6.1.jar;D:\apache-maven-3.5.4-home\io\swagger\swagger-annotations\1.5.10\swagger-annotations-1.5.10.jar;D:\apache-maven-3.5.4-home\io\swagger\swagger-models\1.5.10\swagger-models-1.5.10.jar;D:\apache-maven-3.5.4-home\com\fasterxml\jackson\core\jackson-annotations\2.10.1\jackson-annotations-2.10.1.jar;D:\apache-maven-3.5.4-home\io\springfox\springfox-spi\2.6.1\springfox-spi-2.6.1.jar;D:\apache-maven-3.5.4-home\io\springfox\springfox-core\2.6.1\springfox-core-2.6.1.jar;D:\apache-maven-3.5.4-home\io\springfox\springfox-schema\2.6.1\springfox-schema-2.6.1.jar;D:\apache-maven-3.5.4-home\io\springfox\springfox-swagger-common\2.6.1\springfox-swagger-common-2.6.1.jar;D:\apache-maven-3.5.4-home\io\springfox\springfox-spring-web\2.6.1\springfox-spring-web-2.6.1.jar;D:\apache-maven-3.5.4-home\com\google\guava\guava\18.0\guava-18.0.jar;D:\apache-maven-3.5.4-home\com\fasterxml\classmate\1.5.1\classmate-1.5.1.jar;D:\apache-maven-3.5.4-home\org\slf4j\slf4j-api\1.7.29\slf4j-api-1.7.29.jar;D:\apache-maven-3.5.4-home\org\springframework\plugin\spring-plugin-core\1.2.0.RELEASE\spring-plugin-core-1.2.0.RELEASE.jar;D:\apache-maven-3.5.4-home\org\springframework\plugin\spring-plugin-metadata\1.2.0.RELEASE\spring-plugin-metadata-1.2.0.RELEASE.jar;D:\apache-maven-3.5.4-home\org\mapstruct\mapstruct\1.0.0.Final\mapstruct-1.0.0.Final.jar;D:\apache-maven-3.5.4-home\io\springfox\springfox-swagger-ui\2.6.1\springfox-swagger-ui-2.6.1.jar;D:\apache-maven-3.5.4-home\org\springframework\boot\spring-boot-starter-jdbc\2.2.2.RELEASE\spring-boot-starter-jdbc-2.2.2.RELEASE.jar;D:\apache-maven-3.5.4-home\com\zaxxer\HikariCP\3.4.1\HikariCP-3.4.1.jar;D:\apache-maven-3.5.4-home\org\springframework\spring-jdbc\5.2.2.RELEASE\spring-jdbc-5.2.2.RELEASE.jar;D:\apache-maven-3.5.4-home\org\springframework\spring-tx\5.2.2.RELEASE\spring-tx-5.2.2.RELEASE.jar;D:\apache-maven-3.5.4-home\org\springframework\boot\spring-boot-starter-mail\2.2.2.RELEASE\spring-boot-starter-mail-2.2.2.RELEASE.jar;D:\apache-maven-3.5.4-home\org\springframework\spring-context-support\5.2.2.RELEASE\spring-context-support-5.2.2.RELEASE.jar;D:\apache-maven-3.5.4-home\com\sun\mail\jakarta.mail\1.6.4\jakarta.mail-1.6.4.jar;D:\apache-maven-3.5.4-home\com\sun\activation\jakarta.activation\1.2.1\jakarta.activation-1.2.1.jar;D:\apache-maven-3.5.4-home\org\springframework\boot\spring-boot-starter-thymeleaf\2.2.2.RELEASE\spring-boot-starter-thymeleaf-2.2.2.RELEASE.jar;D:\apache-maven-3.5.4-home\org\thymeleaf\thymeleaf-spring5\3.0.11.RELEASE\thymeleaf-spring5-3.0.11.RELEASE.jar;D:\apache-maven-3.5.4-home\org\thymeleaf\thymeleaf\3.0.11.RELEASE\thymeleaf-3.0.11.RELEASE.jar;D:\apache-maven-3.5.4-home\org\attoparser\attoparser\2.0.5.RELEASE\attoparser-2.0.5.RELEASE.jar;D:\apache-maven-3.5.4-home\org\unbescape\unbescape\1.1.6.RELEASE\unbescape-1.1.6.RELEASE.jar;D:\apache-maven-3.5.4-home\org\thymeleaf\extras\thymeleaf-extras-java8time\3.0.4.RELEASE\thymeleaf-extras-java8time-3.0.4.RELEASE.jar;D:\apache-maven-3.5.4-home\org\projectlombok\lombok\1.18.10\lombok-1.18.10.jar;D:\apache-maven-3.5.4-home\org\mybatis\spring\boot\mybatis-spring-boot-starter\1.3.2\mybatis-spring-boot-starter-1.3.2.jar;D:\apache-maven-3.5.4-home\org\mybatis\spring\boot\mybatis-spring-boot-autoconfigure\1.3.2\mybatis-spring-boot-autoconfigure-1.3.2.jar;D:\apache-maven-3.5.4-home\org\mybatis\mybatis\3.4.6\mybatis-3.4.6.jar;D:\apache-maven-3.5.4-home\org\mybatis\mybatis-spring\1.3.2\mybatis-spring-1.3.2.jar;D:\apache-maven-3.5.4-home\mysql\mysql-connector-java\8.0.18\mysql-connector-java-8.0.18.jar;D:\apache-maven-3.5.4-home\org\springframework\boot\spring-boot-starter-test\2.2.2.RELEASE\spring-boot-starter-test-2.2.2.RELEASE.jar;D:\apache-maven-3.5.4-home\org\springframework\boot\spring-boot-test\2.2.2.RELEASE\spring-boot-test-2.2.2.RELEASE.jar;D:\apache-maven-3.5.4-home\org\springframework\boot\spring-boot-test-autoconfigure\2.2.2.RELEASE\spring-boot-test-autoconfigure-2.2.2.RELEASE.jar;D:\apache-maven-3.5.4-home\com\jayway\jsonpath\json-path\2.4.0\json-path-2.4.0.jar;D:\apache-maven-3.5.4-home\net\minidev\json-smart\2.3\json-smart-2.3.jar;D:\apache-maven-3.5.4-home\net\minidev\accessors-smart\1.2\accessors-smart-1.2.jar;D:\apache-maven-3.5.4-home\org\ow2\asm\asm\5.0.4\asm-5.0.4.jar;D:\apache-maven-3.5.4-home\jakarta\xml\bind\jakarta.xml.bind-api\2.3.2\jakarta.xml.bind-api-2.3.2.jar;D:\apache-maven-3.5.4-home\jakarta\activation\jakarta.activation-api\1.2.1\jakarta.activation-api-1.2.1.jar;D:\apache-maven-3.5.4-home\org\junit\jupiter\junit-jupiter\5.5.2\junit-jupiter-5.5.2.jar;D:\apache-maven-3.5.4-home\org\junit\jupiter\junit-jupiter-api\5.5.2\junit-jupiter-api-5.5.2.jar;D:\apache-maven-3.5.4-home\org\opentest4j\opentest4j\1.2.0\opentest4j-1.2.0.jar;D:\apache-maven-3.5.4-home\org\junit\platform\junit-platform-commons\1.5.2\junit-platform-commons-1.5.2.jar;D:\apache-maven-3.5.4-home\org\junit\jupiter\junit-jupiter-params\5.5.2\junit-jupiter-params-5.5.2.jar;D:\apache-maven-3.5.4-home\org\junit\jupiter\junit-jupiter-engine\5.5.2\junit-jupiter-engine-5.5.2.jar;D:\apache-maven-3.5.4-home\org\junit\vintage\junit-vintage-engine\5.5.2\junit-vintage-engine-5.5.2.jar;D:\apache-maven-3.5.4-home\org\apiguardian\apiguardian-api\1.1.0\apiguardian-api-1.1.0.jar;D:\apache-maven-3.5.4-home\org\junit\platform\junit-platform-engine\1.5.2\junit-platform-engine-1.5.2.jar;D:\apache-maven-3.5.4-home\junit\junit\4.12\junit-4.12.jar;D:\apache-maven-3.5.4-home\org\mockito\mockito-junit-jupiter\3.1.0\mockito-junit-jupiter-3.1.0.jar;D:\apache-maven-3.5.4-home\org\assertj\assertj-core\3.13.2\assertj-core-3.13.2.jar;D:\apache-maven-3.5.4-home\org\hamcrest\hamcrest\2.1\hamcrest-2.1.jar;D:\apache-maven-3.5.4-home\org\mockito\mockito-core\3.1.0\mockito-core-3.1.0.jar;D:\apache-maven-3.5.4-home\net\bytebuddy\byte-buddy-agent\1.10.4\byte-buddy-agent-1.10.4.jar;D:\apache-maven-3.5.4-home\org\objenesis\objenesis\2.6\objenesis-2.6.jar;D:\apache-maven-3.5.4-home\org\skyscreamer\jsonassert\1.5.0\jsonassert-1.5.0.jar;D:\apache-maven-3.5.4-home\com\vaadin\external\google\android-json\0.0.20131108.vaadin1\android-json-0.0.20131108.vaadin1.jar;D:\apache-maven-3.5.4-home\org\springframework\spring-core\5.2.2.RELEASE\spring-core-5.2.2.RELEASE.jar;D:\apache-maven-3.5.4-home\org\springframework\spring-jcl\5.2.2.RELEASE\spring-jcl-5.2.2.RELEASE.jar;D:\apache-maven-3.5.4-home\org\springframework\spring-test\5.2.2.RELEASE\spring-test-5.2.2.RELEASE.jar;D:\apache-maven-3.5.4-home\org\xmlunit\xmlunit-core\2.6.3\xmlunit-core-2.6.3.jar;D:\apache-maven-3.5.4-home\com\rabbitmq\amqp-client\5.6.0\amqp-client-5.6.0.jar;D:\apache-maven-3.5.4-home\org\springframework\boot\spring-boot-starter-amqp\2.2.2.RELEASE\spring-boot-starter-amqp-2.2.2.RELEASE.jar;D:\apache-maven-3.5.4-home\org\springframework\spring-messaging\5.2.2.RELEASE\spring-messaging-5.2.2.RELEASE.jar;D:\apache-maven-3.5.4-home\org\springframework\amqp\spring-rabbit\2.2.2.RELEASE\spring-rabbit-2.2.2.RELEASE.jar;D:\apache-maven-3.5.4-home\org\springframework\amqp\spring-amqp\2.2.2.RELEASE\spring-amqp-2.2.2.RELEASE.jar;D:\apache-maven-3.5.4-home\org\springframework\retry\spring-retry\1.2.4.RELEASE\spring-retry-1.2.4.RELEASE.jar;D:\apache-maven-3.5.4-home\com\alibaba\druid\1.1.17\druid-1.1.17.jar;D:\apache-maven-3.5.4-home\org\springframework\boot\spring-boot-starter-data-redis\2.2.2.RELEASE\spring-boot-starter-data-redis-2.2.2.RELEASE.jar;D:\apache-maven-3.5.4-home\org\springframework\data\spring-data-redis\2.2.3.RELEASE\spring-data-redis-2.2.3.RELEASE.jar;D:\apache-maven-3.5.4-home\org\springframework\data\spring-data-keyvalue\2.2.3.RELEASE\spring-data-keyvalue-2.2.3.RELEASE.jar;D:\apache-maven-3.5.4-home\org\springframework\data\spring-data-commons\2.2.3.RELEASE\spring-data-commons-2.2.3.RELEASE.jar;D:\apache-maven-3.5.4-home\org\springframework\spring-oxm\5.2.2.RELEASE\spring-oxm-5.2.2.RELEASE.jar;D:\apache-maven-3.5.4-home\io\lettuce\lettuce-core\5.2.1.RELEASE\lettuce-core-5.2.1.RELEASE.jar;D:\apache-maven-3.5.4-home\redis\clients\jedis\3.1.0\jedis-3.1.0.jar;D:\apache-maven-3.5.4-home\org\apache\commons\commons-pool2\2.7.0\commons-pool2-2.7.0.jar;D:\apache-maven-3.5.4-home\org\springframework\boot\spring-boot-starter-cache\2.2.2.RELEASE\spring-boot-starter-cache-2.2.2.RELEASE.jar;D:\apache-maven-3.5.4-home\org\apache\shiro\shiro-core\1.4.0\shiro-core-1.4.0.jar;D:\apache-maven-3.5.4-home\org\apache\shiro\shiro-lang\1.4.0\shiro-lang-1.4.0.jar;D:\apache-maven-3.5.4-home\org\apache\shiro\shiro-cache\1.4.0\shiro-cache-1.4.0.jar;D:\apache-maven-3.5.4-home\org\apache\shiro\shiro-crypto-hash\1.4.0\shiro-crypto-hash-1.4.0.jar;D:\apache-maven-3.5.4-home\org\apache\shiro\shiro-crypto-core\1.4.0\shiro-crypto-core-1.4.0.jar;D:\apache-maven-3.5.4-home\org\apache\shiro\shiro-crypto-cipher\1.4.0\shiro-crypto-cipher-1.4.0.jar;D:\apache-maven-3.5.4-home\org\apache\shiro\shiro-config-core\1.4.0\shiro-config-core-1.4.0.jar;D:\apache-maven-3.5.4-home\org\apache\shiro\shiro-config-ogdl\1.4.0\shiro-config-ogdl-1.4.0.jar;D:\apache-maven-3.5.4-home\commons-beanutils\commons-beanutils\1.9.3\commons-beanutils-1.9.3.jar;D:\apache-maven-3.5.4-home\commons-collections\commons-collections\3.2.2\commons-collections-3.2.2.jar;D:\apache-maven-3.5.4-home\org\apache\shiro\shiro-event\1.4.0\shiro-event-1.4.0.jar;D:\apache-maven-3.5.4-home\org\apache\shiro\shiro-spring\1.4.0\shiro-spring-1.4.0.jar;D:\apache-maven-3.5.4-home\org\apache\shiro\shiro-web\1.4.0\shiro-web-1.4.0.jar;D:\apache-maven-3.5.4-home\org\apache\shiro\shiro-ehcache\1.4.0\shiro-ehcache-1.4.0.jar;D:\apache-maven-3.5.4-home\net\sf\ehcache\ehcache-core\2.6.11\ehcache-core-2.6.11.jar;D:\apache-maven-3.5.4-home\org\crazycake\shiro-redis\3.1.0\shiro-redis-3.1.0.jar;D:\apache-maven-3.5.4-home\com\puppycrawl\tools\checkstyle\8.3\checkstyle-8.3.jar;D:\apache-maven-3.5.4-home\antlr\antlr\2.7.7\antlr-2.7.7.jar;D:\apache-maven-3.5.4-home\org\antlr\antlr4-runtime\4.7\antlr4-runtime-4.7.jar;D:\apache-maven-3.5.4-home\commons-cli\commons-cli\1.4\commons-cli-1.4.jar;D:\apache-maven-3.5.4-home\net\sf\saxon\Saxon-HE\9.8.0-4\Saxon-HE-9.8.0-4.jar;C:\Program Files\Java\jdk1.8.0_77\jre\..\lib\tools.jar;D:\apache-maven-3.5.4-home\tk\mybatis\mapper-spring-boot-starter\2.0.4\mapper-spring-boot-starter-2.0.4.jar;D:\apache-maven-3.5.4-home\tk\mybatis\mapper-core\1.0.5\mapper-core-1.0.5.jar;D:\apache-maven-3.5.4-home\javax\persistence\persistence-api\1.0\persistence-api-1.0.jar;D:\apache-maven-3.5.4-home\tk\mybatis\mapper-base\1.0.5\mapper-base-1.0.5.jar;D:\apache-maven-3.5.4-home\tk\mybatis\mapper-weekend\1.1.4.1\mapper-weekend-1.1.4.1.jar;D:\apache-maven-3.5.4-home\tk\mybatis\mapper-spring\1.0.5\mapper-spring-1.0.5.jar;D:\apache-maven-3.5.4-home\tk\mybatis\mapper-extra\1.0.5\mapper-extra-1.0.5.jar;D:\apache-maven-3.5.4-home\tk\mybatis\mapper-spring-boot-autoconfigure\2.0.4\mapper-spring-boot-autoconfigure-2.0.4.jar;D:\apache-maven-3.5.4-home\org\apache\commons\commons-lang3\3.4\commons-lang3-3.4.jar;D:\apache-maven-3.5.4-home\commons-io\commons-io\2.4\commons-io-2.4.jar;D:\apache-maven-3.5.4-home\com\alibaba\fastjson\1.2.49\fastjson-1.2.49.jar;D:\apache-maven-3.5.4-home\org\redisson\redisson\3.8.2\redisson-3.8.2.jar;D:\apache-maven-3.5.4-home\io\netty\netty-common\4.1.43.Final\netty-common-4.1.43.Final.jar;D:\apache-maven-3.5.4-home\io\netty\netty-codec\4.1.43.Final\netty-codec-4.1.43.Final.jar;D:\apache-maven-3.5.4-home\io\netty\netty-buffer\4.1.43.Final\netty-buffer-4.1.43.Final.jar;D:\apache-maven-3.5.4-home\io\netty\netty-transport\4.1.43.Final\netty-transport-4.1.43.Final.jar;D:\apache-maven-3.5.4-home\io\netty\netty-resolver\4.1.43.Final\netty-resolver-4.1.43.Final.jar;D:\apache-maven-3.5.4-home\io\netty\netty-resolver-dns\4.1.43.Final\netty-resolver-dns-4.1.43.Final.jar;D:\apache-maven-3.5.4-home\io\netty\netty-codec-dns\4.1.43.Final\netty-codec-dns-4.1.43.Final.jar;D:\apache-maven-3.5.4-home\io\netty\netty-handler\4.1.43.Final\netty-handler-4.1.43.Final.jar;D:\apache-maven-3.5.4-home\javax\cache\cache-api\1.1.1\cache-api-1.1.1.jar;D:\apache-maven-3.5.4-home\io\projectreactor\reactor-core\3.3.1.RELEASE\reactor-core-3.3.1.RELEASE.jar;D:\apache-maven-3.5.4-home\org\reactivestreams\reactive-streams\1.0.3\reactive-streams-1.0.3.jar;D:\apache-maven-3.5.4-home\com\fasterxml\jackson\dataformat\jackson-dataformat-yaml\2.10.1\jackson-dataformat-yaml-2.10.1.jar;D:\apache-maven-3.5.4-home\com\fasterxml\jackson\core\jackson-core\2.10.1\jackson-core-2.10.1.jar;D:\apache-maven-3.5.4-home\com\fasterxml\jackson\core\jackson-databind\2.10.1\jackson-databind-2.10.1.jar;D:\apache-maven-3.5.4-home\net\bytebuddy\byte-buddy\1.10.4\byte-buddy-1.10.4.jar;D:\apache-maven-3.5.4-home\org\jodd\jodd-bean\3.7.1\jodd-bean-3.7.1.jar;D:\apache-maven-3.5.4-home\org\jodd\jodd-core\3.7.1\jodd-core-3.7.1.jar;D:\apache-maven-3.5.4-home\com\aliyun\aliyun-java-sdk-core\4.0.3\aliyun-java-sdk-core-4.0.3.jar;D:\apache-maven-3.5.4-home\com\google\code\gson\gson\2.8.6\gson-2.8.6.jar;D:\apache-maven-3.5.4-home\org\apache\httpcomponents\httpclient\4.5.10\httpclient-4.5.10.jar;D:\apache-maven-3.5.4-home\org\apache\httpcomponents\httpcore\4.4.12\httpcore-4.4.12.jar;D:\apache-maven-3.5.4-home\commons-codec\commons-codec\1.13\commons-codec-1.13.jar;D:\apache-maven-3.5.4-home\javax\xml\bind\jaxb-api\2.3.1\jaxb-api-2.3.1.jar;D:\apache-maven-3.5.4-home\javax\activation\javax.activation-api\1.2.0\javax.activation-api-1.2.0.jar;D:\apache-maven-3.5.4-home\com\sun\xml\bind\jaxb-core\2.1.14\jaxb-core-2.1.14.jar;D:\apache-maven-3.5.4-home\com\sun\xml\bind\jaxb-impl\2.1\jaxb-impl-2.1.jar;D:\apache-maven-3.5.4-home\javax\activation\activation\1.1.1\activation-1.1.1.jar;D:\apache-maven-3.5.4-home\io\jsonwebtoken\jjwt\0.7.0\jjwt-0.7.0.jar;"/>
    <property name="java.vm.vendor" value="Oracle Corporation"/>
    <property name="sun.arch.data.model" value="64"/>
    <property name="user.variant" value=""/>
    <property name="java.vendor.url" value="http://java.oracle.com/"/>
    <property name="user.timezone" value="Asia/Shanghai"/>
    <property name="java.vm.specification.version" value="1.8"/>
    <property name="os.name" value="Windows 10"/>
    <property name="user.country" value="CN"/>
    <property name="sun.java.launcher" value="SUN_STANDARD"/>
    <property name="sun.boot.library.path" value="C:\Program Files\Java\jdk1.8.0_77\jre\bin"/>
    <property name="sun.java.command" value="C:\Users\a1348\AppData\Local\Temp\surefire5522347119258739289\surefirebooter486659060842255172.jar C:\Users\a1348\AppData\Local\Temp\surefire5522347119258739289 2020-01-10T12-15-53_679-jvmRun1 surefire3032361866411782695tmp surefire_0670844836545604451tmp"/>
    <property name="surefire.test.class.path" value="E:\idea-code\shengqian\shengqianyoudao-1.git\target\test-classes;E:\idea-code\shengqian\shengqianyoudao-1.git\target\classes;D:\apache-maven-3.5.4-home\joda-time\joda-time\2.3\joda-time-2.3.jar;D:\apache-maven-3.5.4-home\org\csource\fastdfs\fastdfs\1.2\fastdfs-1.2.jar;D:\apache-maven-3.5.4-home\commons-fileupload\commons-fileupload\1.3.1\commons-fileupload-1.3.1.jar;D:\apache-maven-3.5.4-home\org\springframework\boot\spring-boot-starter-web\2.2.2.RELEASE\spring-boot-starter-web-2.2.2.RELEASE.jar;D:\apache-maven-3.5.4-home\org\springframework\boot\spring-boot-starter\2.2.2.RELEASE\spring-boot-starter-2.2.2.RELEASE.jar;D:\apache-maven-3.5.4-home\org\springframework\boot\spring-boot-starter-logging\2.2.2.RELEASE\spring-boot-starter-logging-2.2.2.RELEASE.jar;D:\apache-maven-3.5.4-home\ch\qos\logback\logback-classic\1.2.3\logback-classic-1.2.3.jar;D:\apache-maven-3.5.4-home\ch\qos\logback\logback-core\1.2.3\logback-core-1.2.3.jar;D:\apache-maven-3.5.4-home\org\apache\logging\log4j\log4j-to-slf4j\2.12.1\log4j-to-slf4j-2.12.1.jar;D:\apache-maven-3.5.4-home\org\apache\logging\log4j\log4j-api\2.12.1\log4j-api-2.12.1.jar;D:\apache-maven-3.5.4-home\org\slf4j\jul-to-slf4j\1.7.29\jul-to-slf4j-1.7.29.jar;D:\apache-maven-3.5.4-home\jakarta\annotation\jakarta.annotation-api\1.3.5\jakarta.annotation-api-1.3.5.jar;D:\apache-maven-3.5.4-home\org\yaml\snakeyaml\1.25\snakeyaml-1.25.jar;D:\apache-maven-3.5.4-home\org\springframework\boot\spring-boot-starter-json\2.2.2.RELEASE\spring-boot-starter-json-2.2.2.RELEASE.jar;D:\apache-maven-3.5.4-home\com\fasterxml\jackson\datatype\jackson-datatype-jdk8\2.10.1\jackson-datatype-jdk8-2.10.1.jar;D:\apache-maven-3.5.4-home\com\fasterxml\jackson\datatype\jackson-datatype-jsr310\2.10.1\jackson-datatype-jsr310-2.10.1.jar;D:\apache-maven-3.5.4-home\com\fasterxml\jackson\module\jackson-module-parameter-names\2.10.1\jackson-module-parameter-names-2.10.1.jar;D:\apache-maven-3.5.4-home\org\springframework\boot\spring-boot-starter-tomcat\2.2.2.RELEASE\spring-boot-starter-tomcat-2.2.2.RELEASE.jar;D:\apache-maven-3.5.4-home\org\apache\tomcat\embed\tomcat-embed-core\9.0.29\tomcat-embed-core-9.0.29.jar;D:\apache-maven-3.5.4-home\org\apache\tomcat\embed\tomcat-embed-el\9.0.29\tomcat-embed-el-9.0.29.jar;D:\apache-maven-3.5.4-home\org\apache\tomcat\embed\tomcat-embed-websocket\9.0.29\tomcat-embed-websocket-9.0.29.jar;D:\apache-maven-3.5.4-home\org\springframework\boot\spring-boot-starter-validation\2.2.2.RELEASE\spring-boot-starter-validation-2.2.2.RELEASE.jar;D:\apache-maven-3.5.4-home\jakarta\validation\jakarta.validation-api\2.0.1\jakarta.validation-api-2.0.1.jar;D:\apache-maven-3.5.4-home\org\hibernate\validator\hibernate-validator\6.0.18.Final\hibernate-validator-6.0.18.Final.jar;D:\apache-maven-3.5.4-home\org\jboss\logging\jboss-logging\3.4.1.Final\jboss-logging-3.4.1.Final.jar;D:\apache-maven-3.5.4-home\org\springframework\spring-web\5.2.2.RELEASE\spring-web-5.2.2.RELEASE.jar;D:\apache-maven-3.5.4-home\org\springframework\spring-beans\5.2.2.RELEASE\spring-beans-5.2.2.RELEASE.jar;D:\apache-maven-3.5.4-home\org\springframework\spring-webmvc\5.2.2.RELEASE\spring-webmvc-5.2.2.RELEASE.jar;D:\apache-maven-3.5.4-home\org\springframework\spring-aop\5.2.2.RELEASE\spring-aop-5.2.2.RELEASE.jar;D:\apache-maven-3.5.4-home\org\springframework\spring-context\5.2.2.RELEASE\spring-context-5.2.2.RELEASE.jar;D:\apache-maven-3.5.4-home\org\springframework\spring-expression\5.2.2.RELEASE\spring-expression-5.2.2.RELEASE.jar;D:\apache-maven-3.5.4-home\org\springframework\boot\spring-boot-devtools\2.2.2.RELEASE\spring-boot-devtools-2.2.2.RELEASE.jar;D:\apache-maven-3.5.4-home\org\springframework\boot\spring-boot\2.2.2.RELEASE\spring-boot-2.2.2.RELEASE.jar;D:\apache-maven-3.5.4-home\org\springframework\boot\spring-boot-autoconfigure\2.2.2.RELEASE\spring-boot-autoconfigure-2.2.2.RELEASE.jar;D:\apache-maven-3.5.4-home\io\springfox\springfox-swagger2\2.6.1\springfox-swagger2-2.6.1.jar;D:\apache-maven-3.5.4-home\io\swagger\swagger-annotations\1.5.10\swagger-annotations-1.5.10.jar;D:\apache-maven-3.5.4-home\io\swagger\swagger-models\1.5.10\swagger-models-1.5.10.jar;D:\apache-maven-3.5.4-home\com\fasterxml\jackson\core\jackson-annotations\2.10.1\jackson-annotations-2.10.1.jar;D:\apache-maven-3.5.4-home\io\springfox\springfox-spi\2.6.1\springfox-spi-2.6.1.jar;D:\apache-maven-3.5.4-home\io\springfox\springfox-core\2.6.1\springfox-core-2.6.1.jar;D:\apache-maven-3.5.4-home\io\springfox\springfox-schema\2.6.1\springfox-schema-2.6.1.jar;D:\apache-maven-3.5.4-home\io\springfox\springfox-swagger-common\2.6.1\springfox-swagger-common-2.6.1.jar;D:\apache-maven-3.5.4-home\io\springfox\springfox-spring-web\2.6.1\springfox-spring-web-2.6.1.jar;D:\apache-maven-3.5.4-home\com\google\guava\guava\18.0\guava-18.0.jar;D:\apache-maven-3.5.4-home\com\fasterxml\classmate\1.5.1\classmate-1.5.1.jar;D:\apache-maven-3.5.4-home\org\slf4j\slf4j-api\1.7.29\slf4j-api-1.7.29.jar;D:\apache-maven-3.5.4-home\org\springframework\plugin\spring-plugin-core\1.2.0.RELEASE\spring-plugin-core-1.2.0.RELEASE.jar;D:\apache-maven-3.5.4-home\org\springframework\plugin\spring-plugin-metadata\1.2.0.RELEASE\spring-plugin-metadata-1.2.0.RELEASE.jar;D:\apache-maven-3.5.4-home\org\mapstruct\mapstruct\1.0.0.Final\mapstruct-1.0.0.Final.jar;D:\apache-maven-3.5.4-home\io\springfox\springfox-swagger-ui\2.6.1\springfox-swagger-ui-2.6.1.jar;D:\apache-maven-3.5.4-home\org\springframework\boot\spring-boot-starter-jdbc\2.2.2.RELEASE\spring-boot-starter-jdbc-2.2.2.RELEASE.jar;D:\apache-maven-3.5.4-home\com\zaxxer\HikariCP\3.4.1\HikariCP-3.4.1.jar;D:\apache-maven-3.5.4-home\org\springframework\spring-jdbc\5.2.2.RELEASE\spring-jdbc-5.2.2.RELEASE.jar;D:\apache-maven-3.5.4-home\org\springframework\spring-tx\5.2.2.RELEASE\spring-tx-5.2.2.RELEASE.jar;D:\apache-maven-3.5.4-home\org\springframework\boot\spring-boot-starter-mail\2.2.2.RELEASE\spring-boot-starter-mail-2.2.2.RELEASE.jar;D:\apache-maven-3.5.4-home\org\springframework\spring-context-support\5.2.2.RELEASE\spring-context-support-5.2.2.RELEASE.jar;D:\apache-maven-3.5.4-home\com\sun\mail\jakarta.mail\1.6.4\jakarta.mail-1.6.4.jar;D:\apache-maven-3.5.4-home\com\sun\activation\jakarta.activation\1.2.1\jakarta.activation-1.2.1.jar;D:\apache-maven-3.5.4-home\org\springframework\boot\spring-boot-starter-thymeleaf\2.2.2.RELEASE\spring-boot-starter-thymeleaf-2.2.2.RELEASE.jar;D:\apache-maven-3.5.4-home\org\thymeleaf\thymeleaf-spring5\3.0.11.RELEASE\thymeleaf-spring5-3.0.11.RELEASE.jar;D:\apache-maven-3.5.4-home\org\thymeleaf\thymeleaf\3.0.11.RELEASE\thymeleaf-3.0.11.RELEASE.jar;D:\apache-maven-3.5.4-home\org\attoparser\attoparser\2.0.5.RELEASE\attoparser-2.0.5.RELEASE.jar;D:\apache-maven-3.5.4-home\org\unbescape\unbescape\1.1.6.RELEASE\unbescape-1.1.6.RELEASE.jar;D:\apache-maven-3.5.4-home\org\thymeleaf\extras\thymeleaf-extras-java8time\3.0.4.RELEASE\thymeleaf-extras-java8time-3.0.4.RELEASE.jar;D:\apache-maven-3.5.4-home\org\projectlombok\lombok\1.18.10\lombok-1.18.10.jar;D:\apache-maven-3.5.4-home\org\mybatis\spring\boot\mybatis-spring-boot-starter\1.3.2\mybatis-spring-boot-starter-1.3.2.jar;D:\apache-maven-3.5.4-home\org\mybatis\spring\boot\mybatis-spring-boot-autoconfigure\1.3.2\mybatis-spring-boot-autoconfigure-1.3.2.jar;D:\apache-maven-3.5.4-home\org\mybatis\mybatis\3.4.6\mybatis-3.4.6.jar;D:\apache-maven-3.5.4-home\org\mybatis\mybatis-spring\1.3.2\mybatis-spring-1.3.2.jar;D:\apache-maven-3.5.4-home\mysql\mysql-connector-java\8.0.18\mysql-connector-java-8.0.18.jar;D:\apache-maven-3.5.4-home\org\springframework\boot\spring-boot-starter-test\2.2.2.RELEASE\spring-boot-starter-test-2.2.2.RELEASE.jar;D:\apache-maven-3.5.4-home\org\springframework\boot\spring-boot-test\2.2.2.RELEASE\spring-boot-test-2.2.2.RELEASE.jar;D:\apache-maven-3.5.4-home\org\springframework\boot\spring-boot-test-autoconfigure\2.2.2.RELEASE\spring-boot-test-autoconfigure-2.2.2.RELEASE.jar;D:\apache-maven-3.5.4-home\com\jayway\jsonpath\json-path\2.4.0\json-path-2.4.0.jar;D:\apache-maven-3.5.4-home\net\minidev\json-smart\2.3\json-smart-2.3.jar;D:\apache-maven-3.5.4-home\net\minidev\accessors-smart\1.2\accessors-smart-1.2.jar;D:\apache-maven-3.5.4-home\org\ow2\asm\asm\5.0.4\asm-5.0.4.jar;D:\apache-maven-3.5.4-home\jakarta\xml\bind\jakarta.xml.bind-api\2.3.2\jakarta.xml.bind-api-2.3.2.jar;D:\apache-maven-3.5.4-home\jakarta\activation\jakarta.activation-api\1.2.1\jakarta.activation-api-1.2.1.jar;D:\apache-maven-3.5.4-home\org\junit\jupiter\junit-jupiter\5.5.2\junit-jupiter-5.5.2.jar;D:\apache-maven-3.5.4-home\org\junit\jupiter\junit-jupiter-api\5.5.2\junit-jupiter-api-5.5.2.jar;D:\apache-maven-3.5.4-home\org\opentest4j\opentest4j\1.2.0\opentest4j-1.2.0.jar;D:\apache-maven-3.5.4-home\org\junit\platform\junit-platform-commons\1.5.2\junit-platform-commons-1.5.2.jar;D:\apache-maven-3.5.4-home\org\junit\jupiter\junit-jupiter-params\5.5.2\junit-jupiter-params-5.5.2.jar;D:\apache-maven-3.5.4-home\org\junit\jupiter\junit-jupiter-engine\5.5.2\junit-jupiter-engine-5.5.2.jar;D:\apache-maven-3.5.4-home\org\junit\vintage\junit-vintage-engine\5.5.2\junit-vintage-engine-5.5.2.jar;D:\apache-maven-3.5.4-home\org\apiguardian\apiguardian-api\1.1.0\apiguardian-api-1.1.0.jar;D:\apache-maven-3.5.4-home\org\junit\platform\junit-platform-engine\1.5.2\junit-platform-engine-1.5.2.jar;D:\apache-maven-3.5.4-home\junit\junit\4.12\junit-4.12.jar;D:\apache-maven-3.5.4-home\org\mockito\mockito-junit-jupiter\3.1.0\mockito-junit-jupiter-3.1.0.jar;D:\apache-maven-3.5.4-home\org\assertj\assertj-core\3.13.2\assertj-core-3.13.2.jar;D:\apache-maven-3.5.4-home\org\hamcrest\hamcrest\2.1\hamcrest-2.1.jar;D:\apache-maven-3.5.4-home\org\mockito\mockito-core\3.1.0\mockito-core-3.1.0.jar;D:\apache-maven-3.5.4-home\net\bytebuddy\byte-buddy-agent\1.10.4\byte-buddy-agent-1.10.4.jar;D:\apache-maven-3.5.4-home\org\objenesis\objenesis\2.6\objenesis-2.6.jar;D:\apache-maven-3.5.4-home\org\skyscreamer\jsonassert\1.5.0\jsonassert-1.5.0.jar;D:\apache-maven-3.5.4-home\com\vaadin\external\google\android-json\0.0.20131108.vaadin1\android-json-0.0.20131108.vaadin1.jar;D:\apache-maven-3.5.4-home\org\springframework\spring-core\5.2.2.RELEASE\spring-core-5.2.2.RELEASE.jar;D:\apache-maven-3.5.4-home\org\springframework\spring-jcl\5.2.2.RELEASE\spring-jcl-5.2.2.RELEASE.jar;D:\apache-maven-3.5.4-home\org\springframework\spring-test\5.2.2.RELEASE\spring-test-5.2.2.RELEASE.jar;D:\apache-maven-3.5.4-home\org\xmlunit\xmlunit-core\2.6.3\xmlunit-core-2.6.3.jar;D:\apache-maven-3.5.4-home\com\rabbitmq\amqp-client\5.6.0\amqp-client-5.6.0.jar;D:\apache-maven-3.5.4-home\org\springframework\boot\spring-boot-starter-amqp\2.2.2.RELEASE\spring-boot-starter-amqp-2.2.2.RELEASE.jar;D:\apache-maven-3.5.4-home\org\springframework\spring-messaging\5.2.2.RELEASE\spring-messaging-5.2.2.RELEASE.jar;D:\apache-maven-3.5.4-home\org\springframework\amqp\spring-rabbit\2.2.2.RELEASE\spring-rabbit-2.2.2.RELEASE.jar;D:\apache-maven-3.5.4-home\org\springframework\amqp\spring-amqp\2.2.2.RELEASE\spring-amqp-2.2.2.RELEASE.jar;D:\apache-maven-3.5.4-home\org\springframework\retry\spring-retry\1.2.4.RELEASE\spring-retry-1.2.4.RELEASE.jar;D:\apache-maven-3.5.4-home\com\alibaba\druid\1.1.17\druid-1.1.17.jar;D:\apache-maven-3.5.4-home\org\springframework\boot\spring-boot-starter-data-redis\2.2.2.RELEASE\spring-boot-starter-data-redis-2.2.2.RELEASE.jar;D:\apache-maven-3.5.4-home\org\springframework\data\spring-data-redis\2.2.3.RELEASE\spring-data-redis-2.2.3.RELEASE.jar;D:\apache-maven-3.5.4-home\org\springframework\data\spring-data-keyvalue\2.2.3.RELEASE\spring-data-keyvalue-2.2.3.RELEASE.jar;D:\apache-maven-3.5.4-home\org\springframework\data\spring-data-commons\2.2.3.RELEASE\spring-data-commons-2.2.3.RELEASE.jar;D:\apache-maven-3.5.4-home\org\springframework\spring-oxm\5.2.2.RELEASE\spring-oxm-5.2.2.RELEASE.jar;D:\apache-maven-3.5.4-home\io\lettuce\lettuce-core\5.2.1.RELEASE\lettuce-core-5.2.1.RELEASE.jar;D:\apache-maven-3.5.4-home\redis\clients\jedis\3.1.0\jedis-3.1.0.jar;D:\apache-maven-3.5.4-home\org\apache\commons\commons-pool2\2.7.0\commons-pool2-2.7.0.jar;D:\apache-maven-3.5.4-home\org\springframework\boot\spring-boot-starter-cache\2.2.2.RELEASE\spring-boot-starter-cache-2.2.2.RELEASE.jar;D:\apache-maven-3.5.4-home\org\apache\shiro\shiro-core\1.4.0\shiro-core-1.4.0.jar;D:\apache-maven-3.5.4-home\org\apache\shiro\shiro-lang\1.4.0\shiro-lang-1.4.0.jar;D:\apache-maven-3.5.4-home\org\apache\shiro\shiro-cache\1.4.0\shiro-cache-1.4.0.jar;D:\apache-maven-3.5.4-home\org\apache\shiro\shiro-crypto-hash\1.4.0\shiro-crypto-hash-1.4.0.jar;D:\apache-maven-3.5.4-home\org\apache\shiro\shiro-crypto-core\1.4.0\shiro-crypto-core-1.4.0.jar;D:\apache-maven-3.5.4-home\org\apache\shiro\shiro-crypto-cipher\1.4.0\shiro-crypto-cipher-1.4.0.jar;D:\apache-maven-3.5.4-home\org\apache\shiro\shiro-config-core\1.4.0\shiro-config-core-1.4.0.jar;D:\apache-maven-3.5.4-home\org\apache\shiro\shiro-config-ogdl\1.4.0\shiro-config-ogdl-1.4.0.jar;D:\apache-maven-3.5.4-home\commons-beanutils\commons-beanutils\1.9.3\commons-beanutils-1.9.3.jar;D:\apache-maven-3.5.4-home\commons-collections\commons-collections\3.2.2\commons-collections-3.2.2.jar;D:\apache-maven-3.5.4-home\org\apache\shiro\shiro-event\1.4.0\shiro-event-1.4.0.jar;D:\apache-maven-3.5.4-home\org\apache\shiro\shiro-spring\1.4.0\shiro-spring-1.4.0.jar;D:\apache-maven-3.5.4-home\org\apache\shiro\shiro-web\1.4.0\shiro-web-1.4.0.jar;D:\apache-maven-3.5.4-home\org\apache\shiro\shiro-ehcache\1.4.0\shiro-ehcache-1.4.0.jar;D:\apache-maven-3.5.4-home\net\sf\ehcache\ehcache-core\2.6.11\ehcache-core-2.6.11.jar;D:\apache-maven-3.5.4-home\org\crazycake\shiro-redis\3.1.0\shiro-redis-3.1.0.jar;D:\apache-maven-3.5.4-home\com\puppycrawl\tools\checkstyle\8.3\checkstyle-8.3.jar;D:\apache-maven-3.5.4-home\antlr\antlr\2.7.7\antlr-2.7.7.jar;D:\apache-maven-3.5.4-home\org\antlr\antlr4-runtime\4.7\antlr4-runtime-4.7.jar;D:\apache-maven-3.5.4-home\commons-cli\commons-cli\1.4\commons-cli-1.4.jar;D:\apache-maven-3.5.4-home\net\sf\saxon\Saxon-HE\9.8.0-4\Saxon-HE-9.8.0-4.jar;C:\Program Files\Java\jdk1.8.0_77\jre\..\lib\tools.jar;D:\apache-maven-3.5.4-home\tk\mybatis\mapper-spring-boot-starter\2.0.4\mapper-spring-boot-starter-2.0.4.jar;D:\apache-maven-3.5.4-home\tk\mybatis\mapper-core\1.0.5\mapper-core-1.0.5.jar;D:\apache-maven-3.5.4-home\javax\persistence\persistence-api\1.0\persistence-api-1.0.jar;D:\apache-maven-3.5.4-home\tk\mybatis\mapper-base\1.0.5\mapper-base-1.0.5.jar;D:\apache-maven-3.5.4-home\tk\mybatis\mapper-weekend\1.1.4.1\mapper-weekend-1.1.4.1.jar;D:\apache-maven-3.5.4-home\tk\mybatis\mapper-spring\1.0.5\mapper-spring-1.0.5.jar;D:\apache-maven-3.5.4-home\tk\mybatis\mapper-extra\1.0.5\mapper-extra-1.0.5.jar;D:\apache-maven-3.5.4-home\tk\mybatis\mapper-spring-boot-autoconfigure\2.0.4\mapper-spring-boot-autoconfigure-2.0.4.jar;D:\apache-maven-3.5.4-home\org\apache\commons\commons-lang3\3.4\commons-lang3-3.4.jar;D:\apache-maven-3.5.4-home\commons-io\commons-io\2.4\commons-io-2.4.jar;D:\apache-maven-3.5.4-home\com\alibaba\fastjson\1.2.49\fastjson-1.2.49.jar;D:\apache-maven-3.5.4-home\org\redisson\redisson\3.8.2\redisson-3.8.2.jar;D:\apache-maven-3.5.4-home\io\netty\netty-common\4.1.43.Final\netty-common-4.1.43.Final.jar;D:\apache-maven-3.5.4-home\io\netty\netty-codec\4.1.43.Final\netty-codec-4.1.43.Final.jar;D:\apache-maven-3.5.4-home\io\netty\netty-buffer\4.1.43.Final\netty-buffer-4.1.43.Final.jar;D:\apache-maven-3.5.4-home\io\netty\netty-transport\4.1.43.Final\netty-transport-4.1.43.Final.jar;D:\apache-maven-3.5.4-home\io\netty\netty-resolver\4.1.43.Final\netty-resolver-4.1.43.Final.jar;D:\apache-maven-3.5.4-home\io\netty\netty-resolver-dns\4.1.43.Final\netty-resolver-dns-4.1.43.Final.jar;D:\apache-maven-3.5.4-home\io\netty\netty-codec-dns\4.1.43.Final\netty-codec-dns-4.1.43.Final.jar;D:\apache-maven-3.5.4-home\io\netty\netty-handler\4.1.43.Final\netty-handler-4.1.43.Final.jar;D:\apache-maven-3.5.4-home\javax\cache\cache-api\1.1.1\cache-api-1.1.1.jar;D:\apache-maven-3.5.4-home\io\projectreactor\reactor-core\3.3.1.RELEASE\reactor-core-3.3.1.RELEASE.jar;D:\apache-maven-3.5.4-home\org\reactivestreams\reactive-streams\1.0.3\reactive-streams-1.0.3.jar;D:\apache-maven-3.5.4-home\com\fasterxml\jackson\dataformat\jackson-dataformat-yaml\2.10.1\jackson-dataformat-yaml-2.10.1.jar;D:\apache-maven-3.5.4-home\com\fasterxml\jackson\core\jackson-core\2.10.1\jackson-core-2.10.1.jar;D:\apache-maven-3.5.4-home\com\fasterxml\jackson\core\jackson-databind\2.10.1\jackson-databind-2.10.1.jar;D:\apache-maven-3.5.4-home\net\bytebuddy\byte-buddy\1.10.4\byte-buddy-1.10.4.jar;D:\apache-maven-3.5.4-home\org\jodd\jodd-bean\3.7.1\jodd-bean-3.7.1.jar;D:\apache-maven-3.5.4-home\org\jodd\jodd-core\3.7.1\jodd-core-3.7.1.jar;D:\apache-maven-3.5.4-home\com\aliyun\aliyun-java-sdk-core\4.0.3\aliyun-java-sdk-core-4.0.3.jar;D:\apache-maven-3.5.4-home\com\google\code\gson\gson\2.8.6\gson-2.8.6.jar;D:\apache-maven-3.5.4-home\org\apache\httpcomponents\httpclient\4.5.10\httpclient-4.5.10.jar;D:\apache-maven-3.5.4-home\org\apache\httpcomponents\httpcore\4.4.12\httpcore-4.4.12.jar;D:\apache-maven-3.5.4-home\commons-codec\commons-codec\1.13\commons-codec-1.13.jar;D:\apache-maven-3.5.4-home\javax\xml\bind\jaxb-api\2.3.1\jaxb-api-2.3.1.jar;D:\apache-maven-3.5.4-home\javax\activation\javax.activation-api\1.2.0\javax.activation-api-1.2.0.jar;D:\apache-maven-3.5.4-home\com\sun\xml\bind\jaxb-core\2.1.14\jaxb-core-2.1.14.jar;D:\apache-maven-3.5.4-home\com\sun\xml\bind\jaxb-impl\2.1\jaxb-impl-2.1.jar;D:\apache-maven-3.5.4-home\javax\activation\activation\1.1.1\activation-1.1.1.jar;D:\apache-maven-3.5.4-home\io\jsonwebtoken\jjwt\0.7.0\jjwt-0.7.0.jar;"/>
    <property name="sun.cpu.endian" value="little"/>
    <property name="user.home" value="C:\Users\a1348"/>
    <property name="user.language" value="zh"/>
    <property name="java.specification.vendor" value="Oracle Corporation"/>
    <property name="java.home" value="C:\Program Files\Java\jdk1.8.0_77\jre"/>
    <property name="basedir" value="E:\idea-code\shengqian\shengqianyoudao-1.git"/>
    <property name="file.separator" value="\"/>
    <property name="line.separator" value="&#10;"/>
    <property name="java.vm.specification.vendor" value="Oracle Corporation"/>
    <property name="java.specification.name" value="Java Platform API Specification"/>
    <property name="java.awt.graphicsenv" value="sun.awt.Win32GraphicsEnvironment"/>
    <property name="surefire.real.class.path" value="C:\Users\a1348\AppData\Local\Temp\surefire5522347119258739289\surefirebooter486659060842255172.jar"/>
    <property name="sun.boot.class.path" value="C:\Program Files\Java\jdk1.8.0_77\jre\lib\resources.jar;C:\Program Files\Java\jdk1.8.0_77\jre\lib\rt.jar;C:\Program Files\Java\jdk1.8.0_77\jre\lib\sunrsasign.jar;C:\Program Files\Java\jdk1.8.0_77\jre\lib\jsse.jar;C:\Program Files\Java\jdk1.8.0_77\jre\lib\jce.jar;C:\Program Files\Java\jdk1.8.0_77\jre\lib\charsets.jar;C:\Program Files\Java\jdk1.8.0_77\jre\lib\jfr.jar;C:\Program Files\Java\jdk1.8.0_77\jre\classes"/>
    <property name="user.script" value=""/>
    <property name="sun.management.compiler" value="HotSpot 64-Bit Tiered Compilers"/>
    <property name="java.runtime.version" value="1.8.0_77-b03"/>
    <property name="user.name" value="a1348"/>
    <property name="path.separator" value=";"/>
    <property name="os.version" value="10.0"/>
    <property name="java.endorsed.dirs" value="C:\Program Files\Java\jdk1.8.0_77\jre\lib\endorsed"/>
    <property name="java.runtime.name" value="Java(TM) SE Runtime Environment"/>
    <property name="file.encoding" value="GBK"/>
    <property name="java.vm.name" value="Java HotSpot(TM) 64-Bit Server VM"/>
    <property name="localRepository" value="D:\apache-maven-3.5.4-home"/>
    <property name="java.vendor.url.bug" value="http://bugreport.sun.com/bugreport/"/>
    <property name="java.io.tmpdir" value="C:\Users\a1348\AppData\Local\Temp\"/>
    <property name="idea.version" value="2018.1.4"/>
    <property name="java.version" value="1.8.0_77"/>
    <property name="user.dir" value="E:\idea-code\shengqian\shengqianyoudao-1.git"/>
    <property name="os.arch" value="amd64"/>
    <property name="java.vm.specification.name" value="Java Virtual Machine Specification"/>
    <property name="java.awt.printerjob" value="sun.awt.windows.WPrinterJob"/>
    <property name="sun.os.patch.level" value=""/>
    <property name="java.library.path" value="C:\Program Files\Java\jdk1.8.0_77\jre\bin;C:\Windows\Sun\Java\bin;C:\Windows\system32;C:\Windows;C:\ProgramData\Oracle\Java\javapath;C:\Windows\system32;C:\Windows;C:\Windows\System32\Wbem;C:\Windows\System32\WindowsPowerShell\v1.0\;C:\Windows\System32\OpenSSH\;%JAVA_HOME%\bin;%JAVA_HOME%\jre\bin;&quot;%JAVA_HOME%\bin;%JAVA_HOME%\jre\bin;&quot;;D:\Git-path\cmd;D:\apache-maven-3.5.4\bin;D:\GRADLE-path\gradle-4.10.2\bin;C:\Users\a1348\AppData\Local\Microsoft\WindowsApps;D:\QMDownload\SoftMgr\Microsoft VS Code\bin;&quot;C:\Program Files\Java\jdk1.8.0_77\bin;C:\Program Files\Java\jdk1.8.0_77\jre\bin;&quot;;C:\Program Files\Bandizip\;."/>
    <property name="java.vm.info" value="mixed mode"/>
    <property name="java.vendor" value="Oracle Corporation"/>
    <property name="java.vm.version" value="25.77-b03"/>
    <property name="java.ext.dirs" value="C:\Program Files\Java\jdk1.8.0_77\jre\lib\ext;C:\Windows\Sun\Java\lib\ext"/>
    <property name="sun.io.unicode.encoding" value="UnicodeLittle"/>
    <property name="maven.repo.local" value="D:\apache-maven-3.5.4-home"/>
    <property name="java.class.version" value="52.0"/>
  </properties>
  <testcase name="getMax" classname="cn.qiandao.shengqianyoudao.ShengqianyoudaoApplicationTests" time="3.888"/>
  <testcase name="insertTime" classname="cn.qiandao.shengqianyoudao.ShengqianyoudaoApplicationTests" time="0.163"/>
  <testcase name="contextLoads" classname="cn.qiandao.shengqianyoudao.ShengqianyoudaoApplicationTests" time="42.639">
    <error message="getStoreStorage fail, errno code: 0" type="java.lang.Exception">java.lang.Exception: getStoreStorage fail, errno code: 0
	at cn.qiandao.shengqianyoudao.ShengqianyoudaoApplicationTests.contextLoads(ShengqianyoudaoApplicationTests.java:81)
</error>
    <system-err><![CDATA[connect to server 192.168.25.133:22122 fail
java.net.ConnectException: Connection timed out: connect
	at java.net.DualStackPlainSocketImpl.waitForConnect(Native Method)
	at java.net.DualStackPlainSocketImpl.socketConnect(DualStackPlainSocketImpl.java:85)
	at java.net.AbstractPlainSocketImpl.doConnect(AbstractPlainSocketImpl.java:350)
	at java.net.AbstractPlainSocketImpl.connectToAddress(AbstractPlainSocketImpl.java:206)
	at java.net.AbstractPlainSocketImpl.connect(AbstractPlainSocketImpl.java:188)
	at java.net.PlainSocketImpl.connect(PlainSocketImpl.java:172)
	at java.net.SocksSocketImpl.connect(SocksSocketImpl.java:392)
	at java.net.Socket.connect(Socket.java:589)
	at org.csource.fastdfs.TrackerGroup.getConnection(TrackerGroup.java:47)
	at org.csource.fastdfs.TrackerGroup.getConnection(TrackerGroup.java:72)
	at org.csource.fastdfs.TrackerClient.getConnection(TrackerClient.java:58)
	at cn.qiandao.shengqianyoudao.ShengqianyoudaoApplicationTests.contextLoads(ShengqianyoudaoApplicationTests.java:74)
	at sun.reflect.NativeMethodAccessorImpl.invoke0(Native Method)
	at sun.reflect.NativeMethodAccessorImpl.invoke(NativeMethodAccessorImpl.java:62)
	at sun.reflect.DelegatingMethodAccessorImpl.invoke(DelegatingMethodAccessorImpl.java:43)
	at java.lang.reflect.Method.invoke(Method.java:498)
	at org.junit.runners.model.FrameworkMethod$1.runReflectiveCall(FrameworkMethod.java:50)
	at org.junit.internal.runners.model.ReflectiveCallable.run(ReflectiveCallable.java:12)
	at org.junit.runners.model.FrameworkMethod.invokeExplosively(FrameworkMethod.java:47)
	at org.junit.internal.runners.statements.InvokeMethod.evaluate(InvokeMethod.java:17)
	at org.springframework.test.context.junit4.statements.RunBeforeTestExecutionCallbacks.evaluate(RunBeforeTestExecutionCallbacks.java:74)
	at org.springframework.test.context.junit4.statements.RunAfterTestExecutionCallbacks.evaluate(RunAfterTestExecutionCallbacks.java:84)
	at org.springframework.test.context.junit4.statements.RunBeforeTestMethodCallbacks.evaluate(RunBeforeTestMethodCallbacks.java:75)
	at org.springframework.test.context.junit4.statements.RunAfterTestMethodCallbacks.evaluate(RunAfterTestMethodCallbacks.java:86)
	at org.springframework.test.context.junit4.statements.SpringRepeat.evaluate(SpringRepeat.java:84)
	at org.junit.runners.ParentRunner.runLeaf(ParentRunner.java:325)
	at org.springframework.test.context.junit4.SpringJUnit4ClassRunner.runChild(SpringJUnit4ClassRunner.java:251)
	at org.springframework.test.context.junit4.SpringJUnit4ClassRunner.runChild(SpringJUnit4ClassRunner.java:97)
	at org.junit.runners.ParentRunner$3.run(ParentRunner.java:290)
	at org.junit.runners.ParentRunner$1.schedule(ParentRunner.java:71)
	at org.junit.runners.ParentRunner.runChildren(ParentRunner.java:288)
	at org.junit.runners.ParentRunner.access$000(ParentRunner.java:58)
	at org.junit.runners.ParentRunner$2.evaluate(ParentRunner.java:268)
	at org.springframework.test.context.junit4.statements.RunBeforeTestClassCallbacks.evaluate(RunBeforeTestClassCallbacks.java:61)
	at org.springframework.test.context.junit4.statements.RunAfterTestClassCallbacks.evaluate(RunAfterTestClassCallbacks.java:70)
	at org.junit.runners.ParentRunner.run(ParentRunner.java:363)
	at org.springframework.test.context.junit4.SpringJUnit4ClassRunner.run(SpringJUnit4ClassRunner.java:190)
	at org.junit.runner.JUnitCore.run(JUnitCore.java:137)
	at org.junit.runner.JUnitCore.run(JUnitCore.java:115)
	at org.junit.vintage.engine.execution.RunnerExecutor.execute(RunnerExecutor.java:40)
	at java.util.stream.ForEachOps$ForEachOp$OfRef.accept(ForEachOps.java:184)
	at java.util.stream.ReferencePipeline$3$1.accept(ReferencePipeline.java:193)
	at java.util.Iterator.forEachRemaining(Iterator.java:116)
	at java.util.Spliterators$IteratorSpliterator.forEachRemaining(Spliterators.java:1801)
	at java.util.stream.AbstractPipeline.copyInto(AbstractPipeline.java:481)
	at java.util.stream.AbstractPipeline.wrapAndCopyInto(AbstractPipeline.java:471)
	at java.util.stream.ForEachOps$ForEachOp.evaluateSequential(ForEachOps.java:151)
	at java.util.stream.ForEachOps$ForEachOp$OfRef.evaluateSequential(ForEachOps.java:174)
	at java.util.stream.AbstractPipeline.evaluate(AbstractPipeline.java:234)
	at java.util.stream.ReferencePipeline.forEach(ReferencePipeline.java:418)
	at org.junit.vintage.engine.VintageTestEngine.executeAllChildren(VintageTestEngine.java:80)
	at org.junit.vintage.engine.VintageTestEngine.execute(VintageTestEngine.java:71)
	at org.junit.platform.launcher.core.DefaultLauncher.execute(DefaultLauncher.java:220)
	at org.junit.platform.launcher.core.DefaultLauncher.lambda$execute$6(DefaultLauncher.java:188)
	at org.junit.platform.launcher.core.DefaultLauncher.withInterceptedStreams(DefaultLauncher.java:202)
	at org.junit.platform.launcher.core.DefaultLauncher.execute(DefaultLauncher.java:181)
	at org.junit.platform.launcher.core.DefaultLauncher.execute(DefaultLauncher.java:128)
	at org.apache.maven.surefire.junitplatform.JUnitPlatformProvider.invokeAllTests(JUnitPlatformProvider.java:150)
	at org.apache.maven.surefire.junitplatform.JUnitPlatformProvider.invoke(JUnitPlatformProvider.java:124)
	at org.apache.maven.surefire.booter.ForkedBooter.invokeProviderInSameClassLoader(ForkedBooter.java:384)
	at org.apache.maven.surefire.booter.ForkedBooter.runSuitesInProcess(ForkedBooter.java:345)
	at org.apache.maven.surefire.booter.ForkedBooter.execute(ForkedBooter.java:126)
	at org.apache.maven.surefire.booter.ForkedBooter.main(ForkedBooter.java:418)
connect to server 192.168.25.133:22122 fail
java.net.ConnectException: Connection timed out: connect
	at java.net.DualStackPlainSocketImpl.waitForConnect(Native Method)
	at java.net.DualStackPlainSocketImpl.socketConnect(DualStackPlainSocketImpl.java:85)
	at java.net.AbstractPlainSocketImpl.doConnect(AbstractPlainSocketImpl.java:350)
	at java.net.AbstractPlainSocketImpl.connectToAddress(AbstractPlainSocketImpl.java:206)
	at java.net.AbstractPlainSocketImpl.connect(AbstractPlainSocketImpl.java:188)
	at java.net.PlainSocketImpl.connect(PlainSocketImpl.java:172)
	at java.net.SocksSocketImpl.connect(SocksSocketImpl.java:392)
	at java.net.Socket.connect(Socket.java:589)
	at org.csource.fastdfs.TrackerGroup.getConnection(TrackerGroup.java:47)
	at org.csource.fastdfs.TrackerGroup.getConnection(TrackerGroup.java:72)
	at org.csource.fastdfs.TrackerClient.getConnection(TrackerClient.java:58)
	at org.csource.fastdfs.TrackerClient.getStoreStorage(TrackerClient.java:91)
	at org.csource.fastdfs.StorageClient.newWritableStorageConnection(StorageClient.java:1912)
	at org.csource.fastdfs.StorageClient.do_upload_file(StorageClient.java:702)
	at org.csource.fastdfs.StorageClient.upload_file(StorageClient.java:163)
	at org.csource.fastdfs.StorageClient.upload_file(StorageClient.java:131)
	at org.csource.fastdfs.StorageClient.upload_file(StorageClient.java:113)
	at cn.qiandao.shengqianyoudao.ShengqianyoudaoApplicationTests.contextLoads(ShengqianyoudaoApplicationTests.java:81)
	at sun.reflect.NativeMethodAccessorImpl.invoke0(Native Method)
	at sun.reflect.NativeMethodAccessorImpl.invoke(NativeMethodAccessorImpl.java:62)
	at sun.reflect.DelegatingMethodAccessorImpl.invoke(DelegatingMethodAccessorImpl.java:43)
	at java.lang.reflect.Method.invoke(Method.java:498)
	at org.junit.runners.model.FrameworkMethod$1.runReflectiveCall(FrameworkMethod.java:50)
	at org.junit.internal.runners.model.ReflectiveCallable.run(ReflectiveCallable.java:12)
	at org.junit.runners.model.FrameworkMethod.invokeExplosively(FrameworkMethod.java:47)
	at org.junit.internal.runners.statements.InvokeMethod.evaluate(InvokeMethod.java:17)
	at org.springframework.test.context.junit4.statements.RunBeforeTestExecutionCallbacks.evaluate(RunBeforeTestExecutionCallbacks.java:74)
	at org.springframework.test.context.junit4.statements.RunAfterTestExecutionCallbacks.evaluate(RunAfterTestExecutionCallbacks.java:84)
	at org.springframework.test.context.junit4.statements.RunBeforeTestMethodCallbacks.evaluate(RunBeforeTestMethodCallbacks.java:75)
	at org.springframework.test.context.junit4.statements.RunAfterTestMethodCallbacks.evaluate(RunAfterTestMethodCallbacks.java:86)
	at org.springframework.test.context.junit4.statements.SpringRepeat.evaluate(SpringRepeat.java:84)
	at org.junit.runners.ParentRunner.runLeaf(ParentRunner.java:325)
	at org.springframework.test.context.junit4.SpringJUnit4ClassRunner.runChild(SpringJUnit4ClassRunner.java:251)
	at org.springframework.test.context.junit4.SpringJUnit4ClassRunner.runChild(SpringJUnit4ClassRunner.java:97)
	at org.junit.runners.ParentRunner$3.run(ParentRunner.java:290)
	at org.junit.runners.ParentRunner$1.schedule(ParentRunner.java:71)
	at org.junit.runners.ParentRunner.runChildren(ParentRunner.java:288)
	at org.junit.runners.ParentRunner.access$000(ParentRunner.java:58)
	at org.junit.runners.ParentRunner$2.evaluate(ParentRunner.java:268)
	at org.springframework.test.context.junit4.statements.RunBeforeTestClassCallbacks.evaluate(RunBeforeTestClassCallbacks.java:61)
	at org.springframework.test.context.junit4.statements.RunAfterTestClassCallbacks.evaluate(RunAfterTestClassCallbacks.java:70)
	at org.junit.runners.ParentRunner.run(ParentRunner.java:363)
	at org.springframework.test.context.junit4.SpringJUnit4ClassRunner.run(SpringJUnit4ClassRunner.java:190)
	at org.junit.runner.JUnitCore.run(JUnitCore.java:137)
	at org.junit.runner.JUnitCore.run(JUnitCore.java:115)
	at org.junit.vintage.engine.execution.RunnerExecutor.execute(RunnerExecutor.java:40)
	at java.util.stream.ForEachOps$ForEachOp$OfRef.accept(ForEachOps.java:184)
	at java.util.stream.ReferencePipeline$3$1.accept(ReferencePipeline.java:193)
	at java.util.Iterator.forEachRemaining(Iterator.java:116)
	at java.util.Spliterators$IteratorSpliterator.forEachRemaining(Spliterators.java:1801)
	at java.util.stream.AbstractPipeline.copyInto(AbstractPipeline.java:481)
	at java.util.stream.AbstractPipeline.wrapAndCopyInto(AbstractPipeline.java:471)
	at java.util.stream.ForEachOps$ForEachOp.evaluateSequential(ForEachOps.java:151)
	at java.util.stream.ForEachOps$ForEachOp$OfRef.evaluateSequential(ForEachOps.java:174)
	at java.util.stream.AbstractPipeline.evaluate(AbstractPipeline.java:234)
	at java.util.stream.ReferencePipeline.forEach(ReferencePipeline.java:418)
	at org.junit.vintage.engine.VintageTestEngine.executeAllChildren(VintageTestEngine.java:80)
	at org.junit.vintage.engine.VintageTestEngine.execute(VintageTestEngine.java:71)
	at org.junit.platform.launcher.core.DefaultLauncher.execute(DefaultLauncher.java:220)
	at org.junit.platform.launcher.core.DefaultLauncher.lambda$execute$6(DefaultLauncher.java:188)
	at org.junit.platform.launcher.core.DefaultLauncher.withInterceptedStreams(DefaultLauncher.java:202)
	at org.junit.platform.launcher.core.DefaultLauncher.execute(DefaultLauncher.java:181)
	at org.junit.platform.launcher.core.DefaultLauncher.execute(DefaultLauncher.java:128)
	at org.apache.maven.surefire.junitplatform.JUnitPlatformProvider.invokeAllTests(JUnitPlatformProvider.java:150)
	at org.apache.maven.surefire.junitplatform.JUnitPlatformProvider.invoke(JUnitPlatformProvider.java:124)
	at org.apache.maven.surefire.booter.ForkedBooter.invokeProviderInSameClassLoader(ForkedBooter.java:384)
	at org.apache.maven.surefire.booter.ForkedBooter.runSuitesInProcess(ForkedBooter.java:345)
	at org.apache.maven.surefire.booter.ForkedBooter.execute(ForkedBooter.java:126)
	at org.apache.maven.surefire.booter.ForkedBooter.main(ForkedBooter.java:418)
]]></system-err>
  </testcase>
  <testcase name="makeSkill" classname="cn.qiandao.shengqianyoudao.ShengqianyoudaoApplicationTests" time="0.06"/>
</testsuite>